Copyright 1986-2017 Xilinx, Inc. All Rights Reserved.
-----------------------------------------------------------------------------------------------------------------------------------
| Tool Version : Vivado v.2017.2 (win64) Build 1909853 Thu Jun 15 18:39:09 MDT 2017
| Date         : Mon Apr 29 15:45:34 2019
| Host         : marble-boi running 64-bit major release  (build 9200)
| Command      : report_methodology -file microprocessor_methodology_drc_routed.rpt -rpx microprocessor_methodology_drc_routed.rpx
| Design       : microprocessor
| Device       : xc7a35tcpg236-1
| Speed File   : -1
| Design State : Routed
-----------------------------------------------------------------------------------------------------------------------------------

Report Methodology

Table of Contents
-----------------
1. REPORT SUMMARY
2. REPORT DETAILS

1. REPORT SUMMARY
-----------------
            Netlist: netlist
          Floorplan: design_1
      Design limits: <entire design considered>
             Max violations: <unlimited>
             Violations found: 116
+-----------+----------+--------------------------------------------+------------+
| Rule      | Severity | Description                                | Violations |
+-----------+----------+--------------------------------------------+------------+
| SYNTH-6   | Warning  | Timing of a block RAM might be sub-optimal | 1          |
| TIMING-18 | Warning  | Missing input or output delay              | 33         |
| TIMING-20 | Warning  | Non-clocked latch                          | 82         |
+-----------+----------+--------------------------------------------+------------+

2. REPORT DETAILS
-----------------
SYNTH-6#1 Warning
Timing of a block RAM might be sub-optimal  
The timing for the instance memorystage/data_mem_comp/mip_mem_reg, implemented as a block RAM, might be sub-optimal as no output register was merged into the block
Related violations: <none>

TIMING-18#1 Warning
Missing input or output delay  
An input delay is missing on rst relative to clock(s) VIRTUAL_clk_out1_clk_wiz_1 
Related violations: <none>

TIMING-18#2 Warning
Missing input or output delay  
An output delay is missing on ALUResult[0] relative to clock(s) VIRTUAL_clk_out1_clk_wiz_1 
Related violations: <none>

TIMING-18#3 Warning
Missing input or output delay  
An output delay is missing on ALUResult[10] relative to clock(s) VIRTUAL_clk_out1_clk_wiz_1 
Related violations: <none>

TIMING-18#4 Warning
Missing input or output delay  
An output delay is missing on ALUResult[11] relative to clock(s) VIRTUAL_clk_out1_clk_wiz_1 
Related violations: <none>

TIMING-18#5 Warning
Missing input or output delay  
An output delay is missing on ALUResult[12] relative to clock(s) VIRTUAL_clk_out1_clk_wiz_1 
Related violations: <none>

TIMING-18#6 Warning
Missing input or output delay  
An output delay is missing on ALUResult[13] relative to clock(s) VIRTUAL_clk_out1_clk_wiz_1 
Related violations: <none>

TIMING-18#7 Warning
Missing input or output delay  
An output delay is missing on ALUResult[14] relative to clock(s) VIRTUAL_clk_out1_clk_wiz_1 
Related violations: <none>

TIMING-18#8 Warning
Missing input or output delay  
An output delay is missing on ALUResult[15] relative to clock(s) VIRTUAL_clk_out1_clk_wiz_1 
Related violations: <none>

TIMING-18#9 Warning
Missing input or output delay  
An output delay is missing on ALUResult[16] relative to clock(s) VIRTUAL_clk_out1_clk_wiz_1 
Related violations: <none>

TIMING-18#10 Warning
Missing input or output delay  
An output delay is missing on ALUResult[17] relative to clock(s) VIRTUAL_clk_out1_clk_wiz_1 
Related violations: <none>

TIMING-18#11 Warning
Missing input or output delay  
An output delay is missing on ALUResult[18] relative to clock(s) VIRTUAL_clk_out1_clk_wiz_1 
Related violations: <none>

TIMING-18#12 Warning
Missing input or output delay  
An output delay is missing on ALUResult[19] relative to clock(s) VIRTUAL_clk_out1_clk_wiz_1 
Related violations: <none>

TIMING-18#13 Warning
Missing input or output delay  
An output delay is missing on ALUResult[1] relative to clock(s) VIRTUAL_clk_out1_clk_wiz_1 
Related violations: <none>

TIMING-18#14 Warning
Missing input or output delay  
An output delay is missing on ALUResult[20] relative to clock(s) VIRTUAL_clk_out1_clk_wiz_1 
Related violations: <none>

TIMING-18#15 Warning
Missing input or output delay  
An output delay is missing on ALUResult[21] relative to clock(s) VIRTUAL_clk_out1_clk_wiz_1 
Related violations: <none>

TIMING-18#16 Warning
Missing input or output delay  
An output delay is missing on ALUResult[22] relative to clock(s) VIRTUAL_clk_out1_clk_wiz_1 
Related violations: <none>

TIMING-18#17 Warning
Missing input or output delay  
An output delay is missing on ALUResult[23] relative to clock(s) VIRTUAL_clk_out1_clk_wiz_1 
Related violations: <none>

TIMING-18#18 Warning
Missing input or output delay  
An output delay is missing on ALUResult[24] relative to clock(s) VIRTUAL_clk_out1_clk_wiz_1 
Related violations: <none>

TIMING-18#19 Warning
Missing input or output delay  
An output delay is missing on ALUResult[25] relative to clock(s) VIRTUAL_clk_out1_clk_wiz_1 
Related violations: <none>

TIMING-18#20 Warning
Missing input or output delay  
An output delay is missing on ALUResult[26] relative to clock(s) VIRTUAL_clk_out1_clk_wiz_1 
Related violations: <none>

TIMING-18#21 Warning
Missing input or output delay  
An output delay is missing on ALUResult[27] relative to clock(s) VIRTUAL_clk_out1_clk_wiz_1 
Related violations: <none>

TIMING-18#22 Warning
Missing input or output delay  
An output delay is missing on ALUResult[28] relative to clock(s) VIRTUAL_clk_out1_clk_wiz_1 
Related violations: <none>

TIMING-18#23 Warning
Missing input or output delay  
An output delay is missing on ALUResult[29] relative to clock(s) VIRTUAL_clk_out1_clk_wiz_1 
Related violations: <none>

TIMING-18#24 Warning
Missing input or output delay  
An output delay is missing on ALUResult[2] relative to clock(s) VIRTUAL_clk_out1_clk_wiz_1 
Related violations: <none>

TIMING-18#25 Warning
Missing input or output delay  
An output delay is missing on ALUResult[30] relative to clock(s) VIRTUAL_clk_out1_clk_wiz_1 
Related violations: <none>

TIMING-18#26 Warning
Missing input or output delay  
An output delay is missing on ALUResult[31] relative to clock(s) VIRTUAL_clk_out1_clk_wiz_1 
Related violations: <none>

TIMING-18#27 Warning
Missing input or output delay  
An output delay is missing on ALUResult[3] relative to clock(s) VIRTUAL_clk_out1_clk_wiz_1 
Related violations: <none>

TIMING-18#28 Warning
Missing input or output delay  
An output delay is missing on ALUResult[4] relative to clock(s) VIRTUAL_clk_out1_clk_wiz_1 
Related violations: <none>

TIMING-18#29 Warning
Missing input or output delay  
An output delay is missing on ALUResult[5] relative to clock(s) VIRTUAL_clk_out1_clk_wiz_1 
Related violations: <none>

TIMING-18#30 Warning
Missing input or output delay  
An output delay is missing on ALUResult[6] relative to clock(s) VIRTUAL_clk_out1_clk_wiz_1 
Related violations: <none>

TIMING-18#31 Warning
Missing input or output delay  
An output delay is missing on ALUResult[7] relative to clock(s) VIRTUAL_clk_out1_clk_wiz_1 
Related violations: <none>

TIMING-18#32 Warning
Missing input or output delay  
An output delay is missing on ALUResult[8] relative to clock(s) VIRTUAL_clk_out1_clk_wiz_1 
Related violations: <none>

TIMING-18#33 Warning
Missing input or output delay  
An output delay is missing on ALUResult[9] relative to clock(s) VIRTUAL_clk_out1_clk_wiz_1 
Related violations: <none>

TIMING-20#1 Warning
Non-clocked latch  
The latch decodestage/ORegIdxB_reg[0] cannot be properly analyzed as its control pin decodestage/ORegIdxB_reg[0]/G is not reached by a timing clock
Related violations: <none>

TIMING-20#2 Warning
Non-clocked latch  
The latch decodestage/ORegIdxB_reg[1] cannot be properly analyzed as its control pin decodestage/ORegIdxB_reg[1]/G is not reached by a timing clock
Related violations: <none>

TIMING-20#3 Warning
Non-clocked latch  
The latch decodestage/OaluOP_reg[0] cannot be properly analyzed as its control pin decodestage/OaluOP_reg[0]/G is not reached by a timing clock
Related violations: <none>

TIMING-20#4 Warning
Non-clocked latch  
The latch decodestage/OaluOP_reg[1] cannot be properly analyzed as its control pin decodestage/OaluOP_reg[1]/G is not reached by a timing clock
Related violations: <none>

TIMING-20#5 Warning
Non-clocked latch  
The latch decodestage/OaluOP_reg[2] cannot be properly analyzed as its control pin decodestage/OaluOP_reg[2]/G is not reached by a timing clock
Related violations: <none>

TIMING-20#6 Warning
Non-clocked latch  
The latch decodestage/OaluOP_reg[3] cannot be properly analyzed as its control pin decodestage/OaluOP_reg[3]/G is not reached by a timing clock
Related violations: <none>

TIMING-20#7 Warning
Non-clocked latch  
The latch decodestage/OjumpAddr_reg[2] cannot be properly analyzed as its control pin decodestage/OjumpAddr_reg[2]/G is not reached by a timing clock
Related violations: <none>

TIMING-20#8 Warning
Non-clocked latch  
The latch decodestage/OjumpAddr_reg[3] cannot be properly analyzed as its control pin decodestage/OjumpAddr_reg[3]/G is not reached by a timing clock
Related violations: <none>

TIMING-20#9 Warning
Non-clocked latch  
The latch decodestage/OjumpAddr_reg[4] cannot be properly analyzed as its control pin decodestage/OjumpAddr_reg[4]/G is not reached by a timing clock
Related violations: <none>

TIMING-20#10 Warning
Non-clocked latch  
The latch decodestage/OjumpAddr_reg[5] cannot be properly analyzed as its control pin decodestage/OjumpAddr_reg[5]/G is not reached by a timing clock
Related violations: <none>

TIMING-20#11 Warning
Non-clocked latch  
The latch decodestage/OjumpAddr_reg[6] cannot be properly analyzed as its control pin decodestage/OjumpAddr_reg[6]/G is not reached by a timing clock
Related violations: <none>

TIMING-20#12 Warning
Non-clocked latch  
The latch decodestage/OjumpAddr_reg[7] cannot be properly analyzed as its control pin decodestage/OjumpAddr_reg[7]/G is not reached by a timing clock
Related violations: <none>

TIMING-20#13 Warning
Non-clocked latch  
The latch decodestage/OjumpAddr_reg[9] cannot be properly analyzed as its control pin decodestage/OjumpAddr_reg[9]/G is not reached by a timing clock
Related violations: <none>

TIMING-20#14 Warning
Non-clocked latch  
The latch decodestage/OregIdxA_reg[0] cannot be properly analyzed as its control pin decodestage/OregIdxA_reg[0]/G is not reached by a timing clock
Related violations: <none>

TIMING-20#15 Warning
Non-clocked latch  
The latch decodestage/OregIdxA_reg[1] cannot be properly analyzed as its control pin decodestage/OregIdxA_reg[1]/G is not reached by a timing clock
Related violations: <none>

TIMING-20#16 Warning
Non-clocked latch  
The latch decodestage/OregIdxA_reg[2] cannot be properly analyzed as its control pin decodestage/OregIdxA_reg[2]/G is not reached by a timing clock
Related violations: <none>

TIMING-20#17 Warning
Non-clocked latch  
The latch decodestage/oRegIdxWb_reg[0] cannot be properly analyzed as its control pin decodestage/oRegIdxWb_reg[0]/G is not reached by a timing clock
Related violations: <none>

TIMING-20#18 Warning
Non-clocked latch  
The latch decodestage/oRegIdxWb_reg[1] cannot be properly analyzed as its control pin decodestage/oRegIdxWb_reg[1]/G is not reached by a timing clock
Related violations: <none>

TIMING-20#19 Warning
Non-clocked latch  
The latch decodestage/valA_reg[0] cannot be properly analyzed as its control pin decodestage/valA_reg[0]/G is not reached by a timing clock
Related violations: <none>

TIMING-20#20 Warning
Non-clocked latch  
The latch decodestage/valA_reg[10] cannot be properly analyzed as its control pin decodestage/valA_reg[10]/G is not reached by a timing clock
Related violations: <none>

TIMING-20#21 Warning
Non-clocked latch  
The latch decodestage/valA_reg[11] cannot be properly analyzed as its control pin decodestage/valA_reg[11]/G is not reached by a timing clock
Related violations: <none>

TIMING-20#22 Warning
Non-clocked latch  
The latch decodestage/valA_reg[12] cannot be properly analyzed as its control pin decodestage/valA_reg[12]/G is not reached by a timing clock
Related violations: <none>

TIMING-20#23 Warning
Non-clocked latch  
The latch decodestage/valA_reg[13] cannot be properly analyzed as its control pin decodestage/valA_reg[13]/G is not reached by a timing clock
Related violations: <none>

TIMING-20#24 Warning
Non-clocked latch  
The latch decodestage/valA_reg[14] cannot be properly analyzed as its control pin decodestage/valA_reg[14]/G is not reached by a timing clock
Related violations: <none>

TIMING-20#25 Warning
Non-clocked latch  
The latch decodestage/valA_reg[15] cannot be properly analyzed as its control pin decodestage/valA_reg[15]/G is not reached by a timing clock
Related violations: <none>

TIMING-20#26 Warning
Non-clocked latch  
The latch decodestage/valA_reg[16] cannot be properly analyzed as its control pin decodestage/valA_reg[16]/G is not reached by a timing clock
Related violations: <none>

TIMING-20#27 Warning
Non-clocked latch  
The latch decodestage/valA_reg[17] cannot be properly analyzed as its control pin decodestage/valA_reg[17]/G is not reached by a timing clock
Related violations: <none>

TIMING-20#28 Warning
Non-clocked latch  
The latch decodestage/valA_reg[18] cannot be properly analyzed as its control pin decodestage/valA_reg[18]/G is not reached by a timing clock
Related violations: <none>

TIMING-20#29 Warning
Non-clocked latch  
The latch decodestage/valA_reg[19] cannot be properly analyzed as its control pin decodestage/valA_reg[19]/G is not reached by a timing clock
Related violations: <none>

TIMING-20#30 Warning
Non-clocked latch  
The latch decodestage/valA_reg[1] cannot be properly analyzed as its control pin decodestage/valA_reg[1]/G is not reached by a timing clock
Related violations: <none>

TIMING-20#31 Warning
Non-clocked latch  
The latch decodestage/valA_reg[20] cannot be properly analyzed as its control pin decodestage/valA_reg[20]/G is not reached by a timing clock
Related violations: <none>

TIMING-20#32 Warning
Non-clocked latch  
The latch decodestage/valA_reg[21] cannot be properly analyzed as its control pin decodestage/valA_reg[21]/G is not reached by a timing clock
Related violations: <none>

TIMING-20#33 Warning
Non-clocked latch  
The latch decodestage/valA_reg[22] cannot be properly analyzed as its control pin decodestage/valA_reg[22]/G is not reached by a timing clock
Related violations: <none>

TIMING-20#34 Warning
Non-clocked latch  
The latch decodestage/valA_reg[23] cannot be properly analyzed as its control pin decodestage/valA_reg[23]/G is not reached by a timing clock
Related violations: <none>

TIMING-20#35 Warning
Non-clocked latch  
The latch decodestage/valA_reg[24] cannot be properly analyzed as its control pin decodestage/valA_reg[24]/G is not reached by a timing clock
Related violations: <none>

TIMING-20#36 Warning
Non-clocked latch  
The latch decodestage/valA_reg[25] cannot be properly analyzed as its control pin decodestage/valA_reg[25]/G is not reached by a timing clock
Related violations: <none>

TIMING-20#37 Warning
Non-clocked latch  
The latch decodestage/valA_reg[26] cannot be properly analyzed as its control pin decodestage/valA_reg[26]/G is not reached by a timing clock
Related violations: <none>

TIMING-20#38 Warning
Non-clocked latch  
The latch decodestage/valA_reg[27] cannot be properly analyzed as its control pin decodestage/valA_reg[27]/G is not reached by a timing clock
Related violations: <none>

TIMING-20#39 Warning
Non-clocked latch  
The latch decodestage/valA_reg[28] cannot be properly analyzed as its control pin decodestage/valA_reg[28]/G is not reached by a timing clock
Related violations: <none>

TIMING-20#40 Warning
Non-clocked latch  
The latch decodestage/valA_reg[29] cannot be properly analyzed as its control pin decodestage/valA_reg[29]/G is not reached by a timing clock
Related violations: <none>

TIMING-20#41 Warning
Non-clocked latch  
The latch decodestage/valA_reg[2] cannot be properly analyzed as its control pin decodestage/valA_reg[2]/G is not reached by a timing clock
Related violations: <none>

TIMING-20#42 Warning
Non-clocked latch  
The latch decodestage/valA_reg[30] cannot be properly analyzed as its control pin decodestage/valA_reg[30]/G is not reached by a timing clock
Related violations: <none>

TIMING-20#43 Warning
Non-clocked latch  
The latch decodestage/valA_reg[31] cannot be properly analyzed as its control pin decodestage/valA_reg[31]/G is not reached by a timing clock
Related violations: <none>

TIMING-20#44 Warning
Non-clocked latch  
The latch decodestage/valA_reg[3] cannot be properly analyzed as its control pin decodestage/valA_reg[3]/G is not reached by a timing clock
Related violations: <none>

TIMING-20#45 Warning
Non-clocked latch  
The latch decodestage/valA_reg[4] cannot be properly analyzed as its control pin decodestage/valA_reg[4]/G is not reached by a timing clock
Related violations: <none>

TIMING-20#46 Warning
Non-clocked latch  
The latch decodestage/valA_reg[5] cannot be properly analyzed as its control pin decodestage/valA_reg[5]/G is not reached by a timing clock
Related violations: <none>

TIMING-20#47 Warning
Non-clocked latch  
The latch decodestage/valA_reg[6] cannot be properly analyzed as its control pin decodestage/valA_reg[6]/G is not reached by a timing clock
Related violations: <none>

TIMING-20#48 Warning
Non-clocked latch  
The latch decodestage/valA_reg[7] cannot be properly analyzed as its control pin decodestage/valA_reg[7]/G is not reached by a timing clock
Related violations: <none>

TIMING-20#49 Warning
Non-clocked latch  
The latch decodestage/valA_reg[8] cannot be properly analyzed as its control pin decodestage/valA_reg[8]/G is not reached by a timing clock
Related violations: <none>

TIMING-20#50 Warning
Non-clocked latch  
The latch decodestage/valA_reg[9] cannot be properly analyzed as its control pin decodestage/valA_reg[9]/G is not reached by a timing clock
Related violations: <none>

TIMING-20#51 Warning
Non-clocked latch  
The latch decodestage/valB_reg[0] cannot be properly analyzed as its control pin decodestage/valB_reg[0]/G is not reached by a timing clock
Related violations: <none>

TIMING-20#52 Warning
Non-clocked latch  
The latch decodestage/valB_reg[10] cannot be properly analyzed as its control pin decodestage/valB_reg[10]/G is not reached by a timing clock
Related violations: <none>

TIMING-20#53 Warning
Non-clocked latch  
The latch decodestage/valB_reg[11] cannot be properly analyzed as its control pin decodestage/valB_reg[11]/G is not reached by a timing clock
Related violations: <none>

TIMING-20#54 Warning
Non-clocked latch  
The latch decodestage/valB_reg[12] cannot be properly analyzed as its control pin decodestage/valB_reg[12]/G is not reached by a timing clock
Related violations: <none>

TIMING-20#55 Warning
Non-clocked latch  
The latch decodestage/valB_reg[13] cannot be properly analyzed as its control pin decodestage/valB_reg[13]/G is not reached by a timing clock
Related violations: <none>

TIMING-20#56 Warning
Non-clocked latch  
The latch decodestage/valB_reg[14] cannot be properly analyzed as its control pin decodestage/valB_reg[14]/G is not reached by a timing clock
Related violations: <none>

TIMING-20#57 Warning
Non-clocked latch  
The latch decodestage/valB_reg[15] cannot be properly analyzed as its control pin decodestage/valB_reg[15]/G is not reached by a timing clock
Related violations: <none>

TIMING-20#58 Warning
Non-clocked latch  
The latch decodestage/valB_reg[16] cannot be properly analyzed as its control pin decodestage/valB_reg[16]/G is not reached by a timing clock
Related violations: <none>

TIMING-20#59 Warning
Non-clocked latch  
The latch decodestage/valB_reg[17] cannot be properly analyzed as its control pin decodestage/valB_reg[17]/G is not reached by a timing clock
Related violations: <none>

TIMING-20#60 Warning
Non-clocked latch  
The latch decodestage/valB_reg[18] cannot be properly analyzed as its control pin decodestage/valB_reg[18]/G is not reached by a timing clock
Related violations: <none>

TIMING-20#61 Warning
Non-clocked latch  
The latch decodestage/valB_reg[19] cannot be properly analyzed as its control pin decodestage/valB_reg[19]/G is not reached by a timing clock
Related violations: <none>

TIMING-20#62 Warning
Non-clocked latch  
The latch decodestage/valB_reg[1] cannot be properly analyzed as its control pin decodestage/valB_reg[1]/G is not reached by a timing clock
Related violations: <none>

TIMING-20#63 Warning
Non-clocked latch  
The latch decodestage/valB_reg[20] cannot be properly analyzed as its control pin decodestage/valB_reg[20]/G is not reached by a timing clock
Related violations: <none>

TIMING-20#64 Warning
Non-clocked latch  
The latch decodestage/valB_reg[21] cannot be properly analyzed as its control pin decodestage/valB_reg[21]/G is not reached by a timing clock
Related violations: <none>

TIMING-20#65 Warning
Non-clocked latch  
The latch decodestage/valB_reg[22] cannot be properly analyzed as its control pin decodestage/valB_reg[22]/G is not reached by a timing clock
Related violations: <none>

TIMING-20#66 Warning
Non-clocked latch  
The latch decodestage/valB_reg[23] cannot be properly analyzed as its control pin decodestage/valB_reg[23]/G is not reached by a timing clock
Related violations: <none>

TIMING-20#67 Warning
Non-clocked latch  
The latch decodestage/valB_reg[24] cannot be properly analyzed as its control pin decodestage/valB_reg[24]/G is not reached by a timing clock
Related violations: <none>

TIMING-20#68 Warning
Non-clocked latch  
The latch decodestage/valB_reg[25] cannot be properly analyzed as its control pin decodestage/valB_reg[25]/G is not reached by a timing clock
Related violations: <none>

TIMING-20#69 Warning
Non-clocked latch  
The latch decodestage/valB_reg[26] cannot be properly analyzed as its control pin decodestage/valB_reg[26]/G is not reached by a timing clock
Related violations: <none>

TIMING-20#70 Warning
Non-clocked latch  
The latch decodestage/valB_reg[27] cannot be properly analyzed as its control pin decodestage/valB_reg[27]/G is not reached by a timing clock
Related violations: <none>

TIMING-20#71 Warning
Non-clocked latch  
The latch decodestage/valB_reg[28] cannot be properly analyzed as its control pin decodestage/valB_reg[28]/G is not reached by a timing clock
Related violations: <none>

TIMING-20#72 Warning
Non-clocked latch  
The latch decodestage/valB_reg[29] cannot be properly analyzed as its control pin decodestage/valB_reg[29]/G is not reached by a timing clock
Related violations: <none>

TIMING-20#73 Warning
Non-clocked latch  
The latch decodestage/valB_reg[2] cannot be properly analyzed as its control pin decodestage/valB_reg[2]/G is not reached by a timing clock
Related violations: <none>

TIMING-20#74 Warning
Non-clocked latch  
The latch decodestage/valB_reg[30] cannot be properly analyzed as its control pin decodestage/valB_reg[30]/G is not reached by a timing clock
Related violations: <none>

TIMING-20#75 Warning
Non-clocked latch  
The latch decodestage/valB_reg[31] cannot be properly analyzed as its control pin decodestage/valB_reg[31]/G is not reached by a timing clock
Related violations: <none>

TIMING-20#76 Warning
Non-clocked latch  
The latch decodestage/valB_reg[3] cannot be properly analyzed as its control pin decodestage/valB_reg[3]/G is not reached by a timing clock
Related violations: <none>

TIMING-20#77 Warning
Non-clocked latch  
The latch decodestage/valB_reg[4] cannot be properly analyzed as its control pin decodestage/valB_reg[4]/G is not reached by a timing clock
Related violations: <none>

TIMING-20#78 Warning
Non-clocked latch  
The latch decodestage/valB_reg[5] cannot be properly analyzed as its control pin decodestage/valB_reg[5]/G is not reached by a timing clock
Related violations: <none>

TIMING-20#79 Warning
Non-clocked latch  
The latch decodestage/valB_reg[6] cannot be properly analyzed as its control pin decodestage/valB_reg[6]/G is not reached by a timing clock
Related violations: <none>

TIMING-20#80 Warning
Non-clocked latch  
The latch decodestage/valB_reg[7] cannot be properly analyzed as its control pin decodestage/valB_reg[7]/G is not reached by a timing clock
Related violations: <none>

TIMING-20#81 Warning
Non-clocked latch  
The latch decodestage/valB_reg[8] cannot be properly analyzed as its control pin decodestage/valB_reg[8]/G is not reached by a timing clock
Related violations: <none>

TIMING-20#82 Warning
Non-clocked latch  
The latch decodestage/valB_reg[9] cannot be properly analyzed as its control pin decodestage/valB_reg[9]/G is not reached by a timing clock
Related violations: <none>


