#-----------------------------------------------------------
# Vivado v2017.2 (64-bit)
# SW Build 1909853 on Thu Jun 15 18:39:09 MDT 2017
# IP Build 1909766 on Thu Jun 15 19:58:00 MDT 2017
# Start of session at: Tue Apr 16 14:22:49 2019
# Process ID: 14660
# Current directory: C:/Users/rohan/Documents/dsd2/proj1/project_1
# Command line: vivado.exe -gui_launcher_event rodinguilauncherevent9136 C:\Users\rohan\Documents\dsd2\proj1\project_1\project_1.xpr
# Log file: C:/Users/rohan/Documents/dsd2/proj1/project_1/vivado.log
# Journal file: C:/Users/rohan/Documents/dsd2/proj1/project_1\vivado.jou
#-----------------------------------------------------------
start_gui
open_project C:/Users/rohan/Documents/dsd2/proj1/project_1/project_1.xpr
CRITICAL WARNING: [Project 1-19] Could not find the file 'C:/Users/rohan/Documents/dsd2/proj1/sources/fetch_mux.vhd'.
Scanning sources...
Finished scanning sources
INFO: [IP_Flow 19-234] Refreshing IP repositories
INFO: [IP_Flow 19-1704] No user IP repositories specified
INFO: [IP_Flow 19-2313] Loaded Vivado IP repository 'C:/Xilinx/Vivado/2017.2/data/ip'.
open_project: Time (s): cpu = 00:00:08 ; elapsed = 00:00:05 . Memory (MB): peak = 768.758 ; gain = 110.305
update_compile_order -fileset sources_1
remove_files  C:/Users/rohan/Documents/dsd2/proj1/sources/fetch_mux.vhd
